# JRE version: Java(TM) SE Runtime Environment (8.0_05-b13) (build 1.8.0_05-b13)
# Java VM: Java HotSpot(TM) 64-Bit Server VM (25.5-b02 mixed mode windows-amd64 compressed oops)
Heap:
 def new generation   total 1152K, used 723K [0x00000000a2400000, 0x00000000a2540000, 0x00000000c1800000)
  eden space 1024K,  58% used [0x00000000a2400000, 0x00000000a2495378, 0x00000000a2500000)
  from space 128K,  99% used [0x00000000a2500000, 0x00000000a251fc00, 0x00000000a2520000)
  to   space 128K,   0% used [0x00000000a2520000, 0x00000000a2520000, 0x00000000a2540000)
 tenured generation   total 64256K, used 14300K [0x00000000c1800000, 0x00000000c56c0000, 0x0000000100000000)
   the space 64256K,  22% used [0x00000000c1800000, 0x00000000c25f7118, 0x00000000c25f7200, 0x00000000c56c0000)
 Metaspace       used 12190K, capacity 12556K, committed 12800K, reserved 1060864K
  class space    used 1424K, capacity 1492K, committed 1536K, reserved 1048576K
GC Heap History (10 events):
Event: 1.953 GC heap before
{Heap before GC invocations=112 (full 0):
 def new generation   total 1152K, used 1151K [0x00000000a2400000, 0x00000000a2540000, 0x00000000c1800000)
  eden space 1024K, 100% used [0x00000000a2400000, 0x00000000a2500000, 0x00000000a2500000)
  from space 128K,  99% used [0x00000000a2500000, 0x00000000a251fff8, 0x00000000a2520000)
  to   space 128K,   0% used [0x00000000a2520000, 0x00000000a2520000, 0x00000000a2540000)
 tenured generation   total 64256K, used 9400K [0x00000000c1800000, 0x00000000c56c0000, 0x0000000100000000)
   the space 64256K,  14% used [0x00000000c1800000, 0x00000000c212e0a8, 0x00000000c212e200, 0x00000000c56c0000)
 Metaspace       used 11203K, capacity 11558K, committed 11648K, reserved 1058816K
  class space    used 1322K, capacity 1395K, committed 1408K, reserved 1048576K
Event: 1.955 GC heap after
Heap after GC invocations=113 (full 0):
 def new generation   total 1152K, used 108K [0x00000000a2400000, 0x00000000a2540000, 0x00000000c1800000)
  eden space 1024K,   0% used [0x00000000a2400000, 0x00000000a2400000, 0x00000000a2500000)
  from space 128K,  84% used [0x00000000a2520000, 0x00000000a253b028, 0x00000000a2540000)
  to   space 128K,   0% used [0x00000000a2500000, 0x00000000a2500000, 0x00000000a2520000)
 tenured generation   total 64256K, used 9486K [0x00000000c1800000, 0x00000000c56c0000, 0x0000000100000000)
   the space 64256K,  14% used [0x00000000c1800000, 0x00000000c21438c8, 0x00000000c2143a00, 0x00000000c56c0000)
 Metaspace       used 11203K, capacity 11558K, committed 11648K, reserved 1058816K
  class space    used 1322K, capacity 1395K, committed 1408K, reserved 1048576K
}
Event: 1.967 GC heap before
{Heap before GC invocations=113 (full 0):
 def new generation   total 1152K, used 1131K [0x00000000a2400000, 0x00000000a2540000, 0x00000000c1800000)
  eden space 1024K,  99% used [0x00000000a2400000, 0x00000000a24fff88, 0x00000000a2500000)
  from space 128K,  84% used [0x00000000a2520000, 0x00000000a253b028, 0x00000000a2540000)
  to   space 128K,   0% used [0x00000000a2500000, 0x00000000a2500000, 0x00000000a2520000)
 tenured generation   total 64256K, used 9486K [0x00000000c1800000, 0x00000000c56c0000, 0x0000000100000000)
   the space 64256K,  14% used [0x00000000c1800000, 0x00000000c21438c8, 0x00000000c2143a00, 0x00000000c56c0000)
 Metaspace       used 11204K, capacity 11558K, committed 11648K, reserved 1058816K
  class space    used 1322K, capacity 1395K, committed 1408K, reserved 1048576K
Event: 1.968 GC heap after
Heap after GC invocations=114 (full 0):
 def new generation   total 1152K, used 78K [0x00000000a2400000, 0x00000000a2540000, 0x00000000c1800000)
  eden space 1024K,   0% used [0x00000000a2400000, 0x00000000a2400000, 0x00000000a2500000)
  from space 128K,  61% used [0x00000000a2500000, 0x00000000a25139c8, 0x00000000a2520000)
  to   space 128K,   0% used [0x00000000a2520000, 0x00000000a2520000, 0x00000000a2540000)
 tenured generation   total 64256K, used 9538K [0x00000000c1800000, 0x00000000c56c0000, 0x0000000100000000)
   the space 64256K,  14% used [0x00000000c1800000, 0x00000000c2150bb8, 0x00000000c2150c00, 0x00000000c56c0000)
 Metaspace       used 11204K, capacity 11558K, committed 11648K, reserved 1058816K
  class space    used 1322K, capacity 1395K, committed 1408K, reserved 1048576K
}
Event: 1.994 GC heap before
{Heap before GC invocations=114 (full 0):
 def new generation   total 1152K, used 1102K [0x00000000a2400000, 0x00000000a2540000, 0x00000000c1800000)
  eden space 1024K, 100% used [0x00000000a2400000, 0x00000000a2500000, 0x00000000a2500000)
  from space 128K,  61% used [0x00000000a2500000, 0x00000000a25139c8, 0x00000000a2520000)
  to   space 128K,   0% used [0x00000000a2520000, 0x00000000a2520000, 0x00000000a2540000)
 tenured generation   total 64256K, used 9538K [0x00000000c1800000, 0x00000000c56c0000, 0x0000000100000000)
   the space 64256K,  14% used [0x00000000c1800000, 0x00000000c2150bb8, 0x00000000c2150c00, 0x00000000c56c0000)
 Metaspace       used 11410K, capacity 11820K, committed 12032K, reserved 1060864K
  class space    used 1347K, capacity 1460K, committed 1536K, reserved 1048576K
Event: 1.996 GC heap after
Heap after GC invocations=115 (full 0):
 def new generation   total 1152K, used 128K [0x00000000a2400000, 0x00000000a2540000, 0x00000000c1800000)
  eden space 1024K,   0% used [0x00000000a2400000, 0x00000000a2400000, 0x00000000a2500000)
  from space 128K, 100% used [0x00000000a2520000, 0x00000000a2540000, 0x00000000a2540000)
  to   space 128K,   0% used [0x00000000a2500000, 0x00000000a2500000, 0x00000000a2520000)
 tenured generation   total 64256K, used 9620K [0x00000000c1800000, 0x00000000c56c0000, 0x0000000100000000)
   the space 64256K,  14% used [0x00000000c1800000, 0x00000000c2165298, 0x00000000c2165400, 0x00000000c56c0000)
 Metaspace       used 11410K, capacity 11820K, committed 12032K, reserved 1060864K
  class space    used 1347K, capacity 1460K, committed 1536K, reserved 1048576K
}
Event: 2.058 GC heap before
{Heap before GC invocations=115 (full 0):
 def new generation   total 1152K, used 1152K [0x00000000a2400000, 0x00000000a2540000, 0x00000000c1800000)
  eden space 1024K, 100% used [0x00000000a2400000, 0x00000000a2500000, 0x00000000a2500000)
  from space 128K, 100% used [0x00000000a2520000, 0x00000000a2540000, 0x00000000a2540000)
  to   space 128K,   0% used [0x00000000a2500000, 0x00000000a2500000, 0x00000000a2520000)
 tenured generation   total 64256K, used 9620K [0x00000000c1800000, 0x00000000c56c0000, 0x0000000100000000)
   the space 64256K,  14% used [0x00000000c1800000, 0x00000000c2165298, 0x00000000c2165400, 0x00000000c56c0000)
 Metaspace       used 11714K, capacity 12108K, committed 12288K, reserved 1060864K
  class space    used 1382K, capacity 1492K, committed 1536K, reserved 1048576K
Event: 2.060 GC heap after
Heap after GC invocations=116 (full 0):
 def new generation   total 1152K, used 54K [0x00000000a2400000, 0x00000000a2540000, 0x00000000c1800000)
  eden space 1024K,   0% used [0x00000000a2400000, 0x00000000a2400000, 0x00000000a2500000)
  from space 128K,  42% used [0x00000000a2500000, 0x00000000a250db90, 0x00000000a2520000)
  to   space 128K,   0% used [0x00000000a2520000, 0x00000000a2520000, 0x00000000a2540000)
 tenured generation   total 64256K, used 9684K [0x00000000c1800000, 0x00000000c56c0000, 0x0000000100000000)
   the space 64256K,  15% used [0x00000000c1800000, 0x00000000c2175028, 0x00000000c2175200, 0x00000000c56c0000)
 Metaspace       used 11714K, capacity 12108K, committed 12288K, reserved 1060864K
  class space    used 1382K, capacity 1492K, committed 1536K, reserved 1048576K
}
Event: 2.100 GC heap before
{Heap before GC invocations=116 (full 0):
 def new generation   total 1152K, used 1078K [0x00000000a2400000, 0x00000000a2540000, 0x00000000c1800000)
  eden space 1024K, 100% used [0x00000000a2400000, 0x00000000a2500000, 0x00000000a2500000)
  from space 128K,  42% used [0x00000000a2500000, 0x00000000a250db90, 0x00000000a2520000)
  to   space 128K,   0% used [0x00000000a2520000, 0x00000000a2520000, 0x00000000a2540000)
 tenured generation   total 64256K, used 14195K [0x00000000c1800000, 0x00000000c56c0000, 0x0000000100000000)
   the space 64256K,  22% used [0x00000000c1800000, 0x00000000c25dcc38, 0x00000000c25dce00, 0x00000000c56c0000)
 Metaspace       used 11943K, capacity 12300K, committed 12544K, reserved 1060864K
  class space    used 1405K, capacity 1492K, committed 1536K, reserved 1048576K
Event: 2.101 GC heap after
Heap after GC invocations=117 (full 0):
 def new generation   total 1152K, used 128K [0x00000000a2400000, 0x00000000a2540000, 0x00000000c1800000)
  eden space 1024K,   0% used [0x00000000a2400000, 0x00000000a2400000, 0x00000000a2500000)
  from space 128K, 100% used [0x00000000a2520000, 0x00000000a2540000, 0x00000000a2540000)
  to   space 128K,   0% used [0x00000000a2500000, 0x00000000a2500000, 0x00000000a2520000)
 tenured generation   total 64256K, used 14219K [0x00000000c1800000, 0x00000000c56c0000, 0x0000000100000000)
   the space 64256K,  22% used [0x00000000c1800000, 0x00000000c25e2dd0, 0x00000000c25e2e00, 0x00000000c56c0000)
 Metaspace       used 11943K, capacity 12300K, committed 12544K, reserved 1060864K
  class space    used 1405K, capacity 1492K, committed 1536K, reserved 1048576K
}

